[38;5;8m2023-05-30 02:22:28[0m [I] [38;5;209;1msqlite[0m auto updating table [38;5;209mstar_rail[0m
[38;5;8m2023-05-30 02:30:24[0m [W] [38;5;209;1msqlite[0m > SELECT  FROM `user` wnmpjvvy WHERE `id` = 1
[38;5;8m2023-05-30 02:30:24[0m [W] [38;5;129;1msession[0m .sr.gacha
                        Error: near "FROM": syntax error
                            at f.handleError (D:\dev\starrail-bot\node_modules\@minatojs\sql.js\dist\sql-wasm.js:91:290)
                            at f.prepare (D:\dev\starrail-bot\node_modules\@minatojs\sql.js\dist\sql-wasm.js:90:46)
                            at SQLiteDriver.#exec (D:\dev\starrail-bot\node_modules\@minatojs\driver-sqlite\src\index.ts:237:28)
                            at SQLiteDriver.#all (D:\dev\starrail-bot\node_modules\@minatojs\driver-sqlite\src\index.ts:249:12)
                            at SQLiteDriver.get (D:\dev\starrail-bot\node_modules\@minatojs\driver-sqlite\src\index.ts:312:18)
                            at Selection.execute (D:\dev\starrail-bot\node_modules\@minatojs\core\src\selection.ts:98:40)
                            at processTicksAndRejections (node:internal/process/task_queues:95:5)
                            at async DatabaseService.getUser (D:\dev\starrail-bot\node_modules\@koishijs\core\src\database.ts:128:20)
                            at async Session2.getUser (D:\dev\starrail-bot\node_modules\@koishijs\core\src\session.ts:217:18)
                            at async Session2.observeUser (D:\dev\starrail-bot\node_modules\@koishijs\core\src\session.ts:253:18)
[38;5;8m2023-05-30 02:31:26[0m [W] [38;5;209;1msqlite[0m > SELECT  FROM `user` sjvsowob WHERE `id` = 1
[38;5;8m2023-05-30 02:31:26[0m [W] [38;5;129;1msession[0m .sr.gacha
                        Error: near "FROM": syntax error
                            at f.handleError (D:\dev\starrail-bot\node_modules\@minatojs\sql.js\dist\sql-wasm.js:91:290)
                            at f.prepare (D:\dev\starrail-bot\node_modules\@minatojs\sql.js\dist\sql-wasm.js:90:46)
                            at SQLiteDriver.#exec (D:\dev\starrail-bot\node_modules\@minatojs\driver-sqlite\src\index.ts:237:28)
                            at SQLiteDriver.#all (D:\dev\starrail-bot\node_modules\@minatojs\driver-sqlite\src\index.ts:249:12)
                            at SQLiteDriver.get (D:\dev\starrail-bot\node_modules\@minatojs\driver-sqlite\src\index.ts:312:18)
                            at Selection.execute (D:\dev\starrail-bot\node_modules\@minatojs\core\src\selection.ts:98:40)
                            at processTicksAndRejections (node:internal/process/task_queues:95:5)
                            at async DatabaseService.getUser (D:\dev\starrail-bot\node_modules\@koishijs\core\src\database.ts:128:20)
                            at async Session2.getUser (D:\dev\starrail-bot\node_modules\@koishijs\core\src\session.ts:217:18)
                            at async Session2.observeUser (D:\dev\starrail-bot\node_modules\@koishijs\core\src\session.ts:253:18)
