[38;5;8m2023-05-25 05:31:32[0m [I] [38;5;209;1msqlite[0m auto updating table [38;5;209muser[0m
[38;5;8m2023-05-25 05:31:32[0m [I] [38;5;209;1msqlite[0m auto updating table [38;5;209mchannel[0m
[38;5;8m2023-05-25 05:35:56[0m [W] [38;5;207;1mi18n[0m missing [32m'gachalog.messages.uid-no'[39m
[38;5;8m2023-05-25 06:05:25[0m [I] [38;5;209;1msqlite[0m auto creating table [38;5;209muser[0m
[38;5;8m2023-05-25 06:05:25[0m [I] [38;5;209;1msqlite[0m auto creating table [38;5;209mchannel[0m
[38;5;8m2023-05-25 06:05:25[0m [I] [38;5;209;1msqlite[0m auto creating table [38;5;209mbinding[0m
[38;5;8m2023-05-25 06:05:25[0m [I] [38;5;209;1msqlite[0m auto creating table [38;5;209mstar_rail[0m
[38;5;8m2023-05-25 06:10:23[0m [E] [38;5;68;1msr.æŠ½å¡åˆ†æ[0m TypeError: Cannot read properties of null (reading 'list')
[38;5;8m2023-05-25 06:24:36[0m [W] [38;5;209;1msqlite[0m > SELECT  FROM `star_rail` qdjsihio WHERE `id` = 1
[38;5;8m2023-05-25 06:24:36[0m [E] [38;5;68;1msr.æŠ½å¡åˆ†æ[0m Error: near "FROM": syntax error
[38;5;8m2023-05-25 06:25:50[0m [I] [38;5;209;1msqlite[0m auto creating table [38;5;209muser[0m
[38;5;8m2023-05-25 06:25:50[0m [I] [38;5;209;1msqlite[0m auto creating table [38;5;209mbinding[0m
[38;5;8m2023-05-25 06:25:50[0m [I] [38;5;209;1msqlite[0m auto creating table [38;5;209mchannel[0m
[38;5;8m2023-05-25 06:25:50[0m [I] [38;5;209;1msqlite[0m auto creating table [38;5;209mstar_rail[0m
[38;5;8m2023-05-25 06:26:11[0m [W] [38;5;209;1msqlite[0m > SELECT  FROM `star_rail` dobiicyh WHERE `id` = 1
[38;5;8m2023-05-25 06:26:11[0m [E] [38;5;68;1msr.æŠ½å¡åˆ†æ[0m Error: near "FROM": syntax error
[38;5;8m2023-05-25 07:06:40[0m [I] [38;5;209;1msqlite[0m auto creating table [38;5;209muser[0m
[38;5;8m2023-05-25 07:06:40[0m [I] [38;5;209;1msqlite[0m auto creating table [38;5;209mchannel[0m
[38;5;8m2023-05-25 07:06:40[0m [I] [38;5;209;1msqlite[0m auto creating table [38;5;209mstar_rail[0m
[38;5;8m2023-05-25 07:06:40[0m [I] [38;5;209;1msqlite[0m auto creating table [38;5;209mbinding[0m
[38;5;8m2023-05-25 07:07:02[0m [W] [38;5;209;1msqlite[0m > SELECT  FROM `star_rail` lqrziqyt WHERE `id` = 1
[38;5;8m2023-05-25 07:07:02[0m [E] [38;5;68;1msr.æŠ½å¡åˆ†æ[0m Error: near "FROM": syntax error
[38;5;8m2023-05-25 07:09:24[0m [W] [38;5;209;1msqlite[0m > SELECT  FROM `star_rail` roxpwoha WHERE `id` = 1
[38;5;8m2023-05-25 07:09:24[0m [W] [38;5;215;1mcommand[0m sr.æŠ½å¡é“¾æ¥ https://api-takumi.mihoyo.com/common/gacha_record/api/getGachaLog?authkey_ver=1&amp;sign_type=2&amp;auth_appid=webview_gacha&amp;win_mode=fullscreen&amp;gacha_id=4611e733d9bac2b4402701bd189a9aa226a7&amp;timestamp=1681910087&amp;region=prod_gf_cn&amp;default_gacha_type=11&amp;lang=zh-cn&amp;authkey=CHnO4y%2BTJdkds1YnIlhvIShG5Dtoe3JQJ2u1HwhKy%2FwHEI%2FgvZvO7OIUTjuijR299fJ2vXIItVTR%2FBR4M5oXMFtvM0DL1x5aS%2BG1pCgpGD5BXD7DbKkpoPvpMOC7TRwbkleyZwQQIvuVNZm9QHpFudgOjHmN1YC3iWZ5kbcU4MotnvfKVNjSesmM5ZOWyMedc2JKV8aLPyRQUAxse%2FdkELelwICVvqZJ4C1A9s84jDVvtSgSJFiQw7ukv0vdLrIst4zykLr8z3vm9wFtVmMje0Ymz7CVu0tBNonAWVFOMD%2BQSyfC8SW3J2ZcSeUWqfgKWr%2BKPAuPHCxht%2FfhvVCCDyRlWuVglA7gP9XMpVW0WfS5WqwqRvwPB7sCmf2lhSd%2B1Cfq%2FjuYavM26Vd71Yol3fd7yR4mWbtgb85TzXY9vT4cZmMqEv5F8GTzfs73Y5gdILgNdWc7IQH9ROoYdZpI3qTB%2BFKfKSH8JovRGSGzgdETo%2FVfWpFs%2BaxKqf%2FmZoF1jQWUnW6aVy1bKxv8lJJ83FATbJ9QNpx2%2Bc%2B2iFWQdZOnyW18Z2VPJHbKTQEba9R3ODAS5p9EJHpLVfzijJArqIjRdVPgbm2HshgD56c%2FPMd...
                        Error: near "FROM": syntax error
                            at f.handleError (D:\dev\starrail-bot\node_modules\@minatojs\sql.js\dist\sql-wasm.js:91:290)
                            at f.prepare (D:\dev\starrail-bot\node_modules\@minatojs\sql.js\dist\sql-wasm.js:90:46)
                            at SQLiteDriver.#exec (D:\dev\starrail-bot\node_modules\@minatojs\driver-sqlite\src\index.ts:237:28)
                            at SQLiteDriver.#all (D:\dev\starrail-bot\node_modules\@minatojs\driver-sqlite\src\index.ts:249:12)
                            at SQLiteDriver.get (D:\dev\starrail-bot\node_modules\@minatojs\driver-sqlite\src\index.ts:312:18)
                            at Selection.execute (D:\dev\starrail-bot\node_modules\@minatojs\core\src\selection.ts:98:40)
                            at processTicksAndRejections (node:internal/process/task_queues:95:5)
                            at async HonkaiStarRail.getUid (D:\dev\starrail-bot\packages\core\lib\index.js:53:16)
                            at async GachaLog.bind_url (D:\dev\starrail-bot\packages\gachaLog\lib\index.js:157:25)
                            at async Array.<anonymous> (D:\dev\starrail-bot\node_modules\@koishijs\core\src\command\command.ts:285:14)
[38;5;8m2023-05-25 07:12:25[0m [E] [38;5;68;1msr.æŠ½å¡åˆ†æ[0m TypeError: unknown field "sr_uid" in model user
[38;5;8m2023-05-25 07:15:08[0m [W] [38;5;215;1mcommand[0m sr.æŠ½å¡é“¾æ¥ https://api-takumi.mihoyo.com/common/gacha_record/api/getGachaLog?authkey_ver=1&amp;sign_type=2&amp;auth_appid=webview_gacha&amp;win_mode=fullscreen&amp;gacha_id=4611e733d9bac2b4402701bd189a9aa226a7&amp;timestamp=1681910087&amp;region=prod_gf_cn&amp;default_gacha_type=11&amp;lang=zh-cn&amp;authkey=CHnO4y%2BTJdkds1YnIlhvIShG5Dtoe3JQJ2u1HwhKy%2FwHEI%2FgvZvO7OIUTjuijR299fJ2vXIItVTR%2FBR4M5oXMFtvM0DL1x5aS%2BG1pCgpGD5BXD7DbKkpoPvpMOC7TRwbkleyZwQQIvuVNZm9QHpFudgOjHmN1YC3iWZ5kbcU4MotnvfKVNjSesmM5ZOWyMedc2JKV8aLPyRQUAxse%2FdkELelwICVvqZJ4C1A9s84jDVvtSgSJFiQw7ukv0vdLrIst4zykLr8z3vm9wFtVmMje0Ymz7CVu0tBNonAWVFOMD%2BQSyfC8SW3J2ZcSeUWqfgKWr%2BKPAuPHCxht%2FfhvVCCDyRlWuVglA7gP9XMpVW0WfS5WqwqRvwPB7sCmf2lhSd%2B1Cfq%2FjuYavM26Vd71Yol3fd7yR4mWbtgb85TzXY9vT4cZmMqEv5F8GTzfs73Y5gdILgNdWc7IQH9ROoYdZpI3qTB%2BFKfKSH8JovRGSGzgdETo%2FVfWpFs%2BaxKqf%2FmZoF1jQWUnW6aVy1bKxv8lJJ83FATbJ9QNpx2%2Bc%2B2iFWQdZOnyW18Z2VPJHbKTQEba9R3ODAS5p9EJHpLVfzijJArqIjRdVPgbm2HshgD56c%2FPMd...
                        TypeError: unknown field "sr_uid" in model user
                            at D:\dev\starrail-bot\node_modules\@minatojs\core\src\model.ts:158:17
                            at Array.map (<anonymous>)
                            at Model.format (D:\dev\starrail-bot\node_modules\@minatojs\core\src\model.ts:149:28)
                            at DatabaseService.set (D:\dev\starrail-bot\node_modules\@minatojs\core\src\driver.ts:148:40)
                            at HonkaiStarRail.setUid (D:\dev\starrail-bot\packages\core\lib\index.js:57:37)
                            at GachaLog.bind_url (D:\dev\starrail-bot\packages\gachaLog\lib\index.js:161:37)
                            at processTicksAndRejections (node:internal/process/task_queues:95:5)
                            at async Array.<anonymous> (D:\dev\starrail-bot\node_modules\@koishijs\core\src\command\command.ts:285:14)
                            at async _Command.execute (D:\dev\starrail-bot\node_modules\@koishijs\core\src\command\command.ts:301:22)
                            at async D:\dev\starrail-bot\node_modules\@koishijs\core\src\session.ts:392:22
[38;5;8m2023-05-25 07:20:00[0m [I] [38;5;209;1msqlite[0m auto updating table [38;5;209muser[0m
[38;5;8m2023-05-25 07:20:34[0m [W] [38;5;209;1msqlite[0m > SELECT  FROM `star_rail` twdonmkc WHERE `id` = 1
[38;5;8m2023-05-25 07:20:34[0m [W] [38;5;215;1mcommand[0m sr.æŠ½å¡é“¾æ¥ https://api-takumi.mihoyo.com/common/gacha_record/api/getGachaLog?authkey_ver=1&amp;sign_type=2&amp;auth_appid=webview_gacha&amp;win_mode=fullscreen&amp;gacha_id=4611e733d9bac2b4402701bd189a9aa226a7&amp;timestamp=1681910087&amp;region=prod_gf_cn&amp;default_gacha_type=11&amp;lang=zh-cn&amp;authkey=CHnO4y%2BTJdkds1YnIlhvIShG5Dtoe3JQJ2u1HwhKy%2FwHEI%2FgvZvO7OIUTjuijR299fJ2vXIItVTR%2FBR4M5oXMFtvM0DL1x5aS%2BG1pCgpGD5BXD7DbKkpoPvpMOC7TRwbkleyZwQQIvuVNZm9QHpFudgOjHmN1YC3iWZ5kbcU4MotnvfKVNjSesmM5ZOWyMedc2JKV8aLPyRQUAxse%2FdkELelwICVvqZJ4C1A9s84jDVvtSgSJFiQw7ukv0vdLrIst4zykLr8z3vm9wFtVmMje0Ymz7CVu0tBNonAWVFOMD%2BQSyfC8SW3J2ZcSeUWqfgKWr%2BKPAuPHCxht%2FfhvVCCDyRlWuVglA7gP9XMpVW0WfS5WqwqRvwPB7sCmf2lhSd%2B1Cfq%2FjuYavM26Vd71Yol3fd7yR4mWbtgb85TzXY9vT4cZmMqEv5F8GTzfs73Y5gdILgNdWc7IQH9ROoYdZpI3qTB%2BFKfKSH8JovRGSGzgdETo%2FVfWpFs%2BaxKqf%2FmZoF1jQWUnW6aVy1bKxv8lJJ83FATbJ9QNpx2%2Bc%2B2iFWQdZOnyW18Z2VPJHbKTQEba9R3ODAS5p9EJHpLVfzijJArqIjRdVPgbm2HshgD56c%2FPMd...
                        Error: near "FROM": syntax error
                            at f.handleError (D:\dev\starrail-bot\node_modules\@minatojs\sql.js\dist\sql-wasm.js:91:290)
                            at f.prepare (D:\dev\starrail-bot\node_modules\@minatojs\sql.js\dist\sql-wasm.js:90:46)
                            at SQLiteDriver.#exec (D:\dev\starrail-bot\node_modules\@minatojs\driver-sqlite\src\index.ts:237:28)
                            at SQLiteDriver.#all (D:\dev\starrail-bot\node_modules\@minatojs\driver-sqlite\src\index.ts:249:12)
                            at SQLiteDriver.get (D:\dev\starrail-bot\node_modules\@minatojs\driver-sqlite\src\index.ts:312:18)
                            at Selection.execute (D:\dev\starrail-bot\node_modules\@minatojs\core\src\selection.ts:98:40)
                            at processTicksAndRejections (node:internal/process/task_queues:95:5)
                            at async HonkaiStarRail.getUid (D:\dev\starrail-bot\packages\core\lib\index.js:56:16)
                            at async GachaLog.bind_url (D:\dev\starrail-bot\packages\gachaLog\lib\index.js:157:25)
                            at async Array.<anonymous> (D:\dev\starrail-bot\node_modules\@koishijs\core\src\command\command.ts:285:14)
[38;5;8m2023-05-25 07:25:15[0m [E] [38;5;68;1msr.æŠ½å¡åˆ†æ[0m TypeError: unknown field "uid" in model star_rail
[38;5;8m2023-05-25 07:27:44[0m [I] [38;5;209;1msqlite[0m auto updating table [38;5;209mstar_rail[0m
[38;5;8m2023-05-25 07:27:44[0m [I] [38;5;209;1msqlite[0m auto updating table [38;5;209mbinding[0m
[38;5;8m2023-05-25 07:27:53[0m [E] [38;5;68;1msr.æŠ½å¡åˆ†æ[0m TypeError: Cannot read properties of null (reading 'list')
[38;5;8m2023-05-25 07:41:17[0m [W] [38;5;215;1mcommand[0m sr.æ›´æ–°æŠ½å¡ 
                        TypeError: Cannot read properties of undefined (reading 'uid')
                            at GachaLog.update (D:\dev\starrail-bot\packages\gachaLog\lib\index.js:72:89)
                            at processTicksAndRejections (node:internal/process/task_queues:95:5)
                            at async Array.<anonymous> (D:\dev\starrail-bot\node_modules\@koishijs\core\src\command\command.ts:285:14)
                            at async _Command.execute (D:\dev\starrail-bot\node_modules\@koishijs\core\src\command\command.ts:301:22)
                            at async D:\dev\starrail-bot\node_modules\@koishijs\core\src\session.ts:392:22
                            at async Session2.withScope (D:\dev\starrail-bot\node_modules\@koishijs\core\src\session.ts:267:14)
                            at async next (D:\dev\starrail-bot\node_modules\@koishijs\core\src\middleware.ts:312:16)
                            at async next (D:\dev\starrail-bot\node_modules\@koishijs\core\src\middleware.ts:312:16)
                            at async Processor._handleMessage (D:\dev\starrail-bot\node_modules\@koishijs\core\src\middleware.ts:323:22)
[38;5;8m2023-05-25 07:42:35[0m [W] [38;5;207;1mi18n[0m missing [32m'gachalog.messages.uid-no'[39m
[38;5;8m2023-05-25 07:43:01[0m [W] [38;5;215;1mcommand[0m sr.æŠ½å¡é“¾æ¥ https://api-takumi.mihoyo.com/common/gacha_record/api/getGachaLog?authkey_ver=1&amp;sign_type=2&amp;auth_appid=webview_gacha&amp;win_mode=fullscreen&amp;gacha_id=4611e733d9bac2b4402701bd189a9aa226a7&amp;timestamp=1681910087&amp;region=prod_gf_cn&amp;default_gacha_type=11&amp;lang=zh-cn&amp;authkey=CHnO4y%2BTJdkds1YnIlhvIShG5Dtoe3JQJ2u1HwhKy%2FwHEI%2FgvZvO7OIUTjuijR299fJ2vXIItVTR%2FBR4M5oXMFtvM0DL1x5aS%2BG1pCgpGD5BXD7DbKkpoPvpMOC7TRwbkleyZwQQIvuVNZm9QHpFudgOjHmN1YC3iWZ5kbcU4MotnvfKVNjSesmM5ZOWyMedc2JKV8aLPyRQUAxse%2FdkELelwICVvqZJ4C1A9s84jDVvtSgSJFiQw7ukv0vdLrIst4zykLr8z3vm9wFtVmMje0Ymz7CVu0tBNonAWVFOMD%2BQSyfC8SW3J2ZcSeUWqfgKWr%2BKPAuPHCxht%2FfhvVCCDyRlWuVglA7gP9XMpVW0WfS5WqwqRvwPB7sCmf2lhSd%2B1Cfq%2FjuYavM26Vd71Yol3fd7yR4mWbtgb85TzXY9vT4cZmMqEv5F8GTzfs73Y5gdILgNdWc7IQH9ROoYdZpI3qTB%2BFKfKSH8JovRGSGzgdETo%2FVfWpFs%2BaxKqf%2FmZoF1jQWUnW6aVy1bKxv8lJJ83FATbJ9QNpx2%2Bc%2B2iFWQdZOnyW18Z2VPJHbKTQEba9R3ODAS5p9EJHpLVfzijJArqIjRdVPgbm2HshgD56c%2FPMd...
                        TypeError: Cannot read properties of undefined (reading 'gachaLog_history')
                            at GachaLog.update (D:\dev\starrail-bot\packages\gachaLog\lib\index.js:83:91)
                            at processTicksAndRejections (node:internal/process/task_queues:95:5)
                            at async GachaLog.bind_url (D:\dev\starrail-bot\packages\gachaLog\lib\index.js:169:22)
                            at async Array.<anonymous> (D:\dev\starrail-bot\node_modules\@koishijs\core\src\command\command.ts:285:14)
                            at async _Command.execute (D:\dev\starrail-bot\node_modules\@koishijs\core\src\command\command.ts:301:22)
                            at async D:\dev\starrail-bot\node_modules\@koishijs\core\src\session.ts:392:22
                            at async Session2.withScope (D:\dev\starrail-bot\node_modules\@koishijs\core\src\session.ts:267:14)
                            at async next (D:\dev\starrail-bot\node_modules\@koishijs\core\src\middleware.ts:312:16)
                            at async next (D:\dev\starrail-bot\node_modules\@koishijs\core\src\middleware.ts:312:16)
                            at async Processor._handleMessage (D:\dev\starrail-bot\node_modules\@koishijs\core\src\middleware.ts:323:22)
[38;5;8m2023-05-25 07:44:29[0m [W] [38;5;215;1mcommand[0m sr.æŠ½å¡é“¾æ¥ https://api-takumi.mihoyo.com/common/gacha_record/api/getGachaLog?authkey_ver=1&amp;sign_type=2&amp;auth_appid=webview_gacha&amp;win_mode=fullscreen&amp;gacha_id=4611e733d9bac2b4402701bd189a9aa226a7&amp;timestamp=1681910087&amp;region=prod_gf_cn&amp;default_gacha_type=11&amp;lang=zh-cn&amp;authkey=CHnO4y%2BTJdkds1YnIlhvIShG5Dtoe3JQJ2u1HwhKy%2FwHEI%2FgvZvO7OIUTjuijR299fJ2vXIItVTR%2FBR4M5oXMFtvM0DL1x5aS%2BG1pCgpGD5BXD7DbKkpoPvpMOC7TRwbkleyZwQQIvuVNZm9QHpFudgOjHmN1YC3iWZ5kbcU4MotnvfKVNjSesmM5ZOWyMedc2JKV8aLPyRQUAxse%2FdkELelwICVvqZJ4C1A9s84jDVvtSgSJFiQw7ukv0vdLrIst4zykLr8z3vm9wFtVmMje0Ymz7CVu0tBNonAWVFOMD%2BQSyfC8SW3J2ZcSeUWqfgKWr%2BKPAuPHCxht%2FfhvVCCDyRlWuVglA7gP9XMpVW0WfS5WqwqRvwPB7sCmf2lhSd%2B1Cfq%2FjuYavM26Vd71Yol3fd7yR4mWbtgb85TzXY9vT4cZmMqEv5F8GTzfs73Y5gdILgNdWc7IQH9ROoYdZpI3qTB%2BFKfKSH8JovRGSGzgdETo%2FVfWpFs%2BaxKqf%2FmZoF1jQWUnW6aVy1bKxv8lJJ83FATbJ9QNpx2%2Bc%2B2iFWQdZOnyW18Z2VPJHbKTQEba9R3ODAS5p9EJHpLVfzijJArqIjRdVPgbm2HshgD56c%2FPMd...
                        TypeError: Cannot read properties of undefined (reading 'gachaLog_history')
                            at GachaLog.update (D:\dev\starrail-bot\packages\gachaLog\lib\index.js:83:91)
                            at processTicksAndRejections (node:internal/process/task_queues:95:5)
                            at async GachaLog.bind_url (D:\dev\starrail-bot\packages\gachaLog\lib\index.js:169:22)
                            at async Array.<anonymous> (D:\dev\starrail-bot\node_modules\@koishijs\core\src\command\command.ts:285:14)
                            at async _Command.execute (D:\dev\starrail-bot\node_modules\@koishijs\core\src\command\command.ts:301:22)
                            at async D:\dev\starrail-bot\node_modules\@koishijs\core\src\session.ts:392:22
                            at async Session2.withScope (D:\dev\starrail-bot\node_modules\@koishijs\core\src\session.ts:267:14)
                            at async next (D:\dev\starrail-bot\node_modules\@koishijs\core\src\middleware.ts:312:16)
                            at async next (D:\dev\starrail-bot\node_modules\@koishijs\core\src\middleware.ts:312:16)
                            at async Processor._handleMessage (D:\dev\starrail-bot\node_modules\@koishijs\core\src\middleware.ts:323:22)
[38;5;8m2023-05-25 07:47:25[0m [W] [38;5;215;1mcommand[0m sr.æŠ½å¡é“¾æ¥ https://api-takumi.mihoyo.com/common/gacha_record/api/getGachaLog?authkey_ver=1&amp;amp;sign_type=2&amp;amp;auth_appid=webview_gacha&amp;amp;win_mode=fullscreen&amp;amp;gacha_id=4611e733d9bac2b4402701bd189a9aa226a7&amp;amp;timestamp=1681910087&amp;amp;region=prod_gf_cn&amp;amp;default_gacha_type=11&amp;amp;lang=zh-cn&amp;amp;authkey=CHnO4y%2BTJdkds1YnIlhvIShG5Dtoe3JQJ2u1HwhKy%2FwHEI%2FgvZvO7OIUTjuijR299fJ2vXIItVTR%2FBR4M5oXMFtvM0DL1x5aS%2BG1pCgpGD5BXD7DbKkpoPvpMOC7TRwbkleyZwQQIvuVNZm9QHpFudgOjHmN1YC3iWZ5kbcU4MotnvfKVNjSesmM5ZOWyMedc2JKV8aLPyRQUAxse%2FdkELelwICVvqZJ4C1A9s84jDVvtSgSJFiQw7ukv0vdLrIst4zykLr8z3vm9wFtVmMje0Ymz7CVu0tBNonAWVFOMD%2BQSyfC8SW3J2ZcSeUWqfgKWr%2BKPAuPHCxht%2FfhvVCCDyRlWuVglA7gP9XMpVW0WfS5WqwqRvwPB7sCmf2lhSd%2B1Cfq%2FjuYavM26Vd71Yol3fd7yR4mWbtgb85TzXY9vT4cZmMqEv5F8GTzfs73Y5gdILgNdWc7IQH9ROoYdZpI3qTB%2BFKfKSH8JovRGSGzgdETo%2FVfWpFs%2BaxKqf%2FmZoF1jQWUnW6aVy1bKxv8lJJ83FATbJ9QNpx2%2Bc%2B2iFWQdZOnyW18Z2VPJHbKTQEba9R3ODAS5p9EJ...
                        TypeError: Cannot read properties of null (reading 'list')
                            at GachaLog.bind_url (D:\dev\starrail-bot\packages\gachaLog\lib\index.js:151:58)
                            at processTicksAndRejections (node:internal/process/task_queues:95:5)
                            at async Array.<anonymous> (D:\dev\starrail-bot\node_modules\@koishijs\core\src\command\command.ts:285:14)
                            at async _Command.execute (D:\dev\starrail-bot\node_modules\@koishijs\core\src\command\command.ts:301:22)
                            at async D:\dev\starrail-bot\node_modules\@koishijs\core\src\session.ts:392:22
                            at async Session2.withScope (D:\dev\starrail-bot\node_modules\@koishijs\core\src\session.ts:267:14)
                            at async next (D:\dev\starrail-bot\node_modules\@koishijs\core\src\middleware.ts:312:16)
                            at async next (D:\dev\starrail-bot\node_modules\@koishijs\core\src\middleware.ts:312:16)
                            at async Processor._handleMessage (D:\dev\starrail-bot\node_modules\@koishijs\core\src\middleware.ts:323:22)
[38;5;8m2023-05-25 07:48:09[0m [W] [38;5;215;1mcommand[0m sr.æŠ½å¡é“¾æ¥ https://api-takumi.mihoyo.com/common/gacha_record/api/getGachaLog?authkey_ver=1&amp;sign_type=2&amp;auth_appid=webview_gacha&amp;win_mode=fullscreen&amp;gacha_id=4611e733d9bac2b4402701bd189a9aa226a7&amp;timestamp=1681910087&amp;region=prod_gf_cn&amp;default_gacha_type=11&amp;lang=zh-cn&amp;authkey=CHnO4y%2BTJdkds1YnIlhvIShG5Dtoe3JQJ2u1HwhKy%2FwHEI%2FgvZvO7OIUTjuijR299fJ2vXIItVTR%2FBR4M5oXMFtvM0DL1x5aS%2BG1pCgpGD5BXD7DbKkpoPvpMOC7TRwbkleyZwQQIvuVNZm9QHpFudgOjHmN1YC3iWZ5kbcU4MotnvfKVNjSesmM5ZOWyMedc2JKV8aLPyRQUAxse%2FdkELelwICVvqZJ4C1A9s84jDVvtSgSJFiQw7ukv0vdLrIst4zykLr8z3vm9wFtVmMje0Ymz7CVu0tBNonAWVFOMD%2BQSyfC8SW3J2ZcSeUWqfgKWr%2BKPAuPHCxht%2FfhvVCCDyRlWuVglA7gP9XMpVW0WfS5WqwqRvwPB7sCmf2lhSd%2B1Cfq%2FjuYavM26Vd71Yol3fd7yR4mWbtgb85TzXY9vT4cZmMqEv5F8GTzfs73Y5gdILgNdWc7IQH9ROoYdZpI3qTB%2BFKfKSH8JovRGSGzgdETo%2FVfWpFs%2BaxKqf%2FmZoF1jQWUnW6aVy1bKxv8lJJ83FATbJ9QNpx2%2Bc%2B2iFWQdZOnyW18Z2VPJHbKTQEba9R3ODAS5p9EJHpLVfzijJArqIjRdVPgbm2HshgD56c%2FPMd...
                        TypeError: Cannot read properties of undefined (reading 'gachaLog_history')
                            at GachaLog.update (D:\dev\starrail-bot\packages\gachaLog\lib\index.js:83:91)
                            at processTicksAndRejections (node:internal/process/task_queues:95:5)
                            at async GachaLog.bind_url (D:\dev\starrail-bot\packages\gachaLog\lib\index.js:169:22)
                            at async Array.<anonymous> (D:\dev\starrail-bot\node_modules\@koishijs\core\src\command\command.ts:285:14)
                            at async _Command.execute (D:\dev\starrail-bot\node_modules\@koishijs\core\src\command\command.ts:301:22)
                            at async D:\dev\starrail-bot\node_modules\@koishijs\core\src\session.ts:392:22
                            at async Session2.withScope (D:\dev\starrail-bot\node_modules\@koishijs\core\src\session.ts:267:14)
                            at async next (D:\dev\starrail-bot\node_modules\@koishijs\core\src\middleware.ts:312:16)
                            at async next (D:\dev\starrail-bot\node_modules\@koishijs\core\src\middleware.ts:312:16)
                            at async Processor._handleMessage (D:\dev\starrail-bot\node_modules\@koishijs\core\src\middleware.ts:323:22)
[38;5;8m2023-05-25 07:51:12[0m [W] [38;5;215;1mcommand[0m sr.æŠ½å¡é“¾æ¥ https://api-takumi.mihoyo.com/common/gacha_record/api/getGachaLog?authkey_ver=1&amp;amp;sign_type=2&amp;amp;auth_appid=webview_gacha&amp;amp;win_mode=fullscreen&amp;amp;gacha_id=4611e733d9bac2b4402701bd189a9aa226a7&amp;amp;timestamp=1681910087&amp;amp;region=prod_gf_cn&amp;amp;default_gacha_type=11&amp;amp;lang=zh-cn&amp;amp;authkey=CHnO4y%2BTJdkds1YnIlhvIShG5Dtoe3JQJ2u1HwhKy%2FwHEI%2FgvZvO7OIUTjuijR299fJ2vXIItVTR%2FBR4M5oXMFtvM0DL1x5aS%2BG1pCgpGD5BXD7DbKkpoPvpMOC7TRwbkleyZwQQIvuVNZm9QHpFudgOjHmN1YC3iWZ5kbcU4MotnvfKVNjSesmM5ZOWyMedc2JKV8aLPyRQUAxse%2FdkELelwICVvqZJ4C1A9s84jDVvtSgSJFiQw7ukv0vdLrIst4zykLr8z3vm9wFtVmMje0Ymz7CVu0tBNonAWVFOMD%2BQSyfC8SW3J2ZcSeUWqfgKWr%2BKPAuPHCxht%2FfhvVCCDyRlWuVglA7gP9XMpVW0WfS5WqwqRvwPB7sCmf2lhSd%2B1Cfq%2FjuYavM26Vd71Yol3fd7yR4mWbtgb85TzXY9vT4cZmMqEv5F8GTzfs73Y5gdILgNdWc7IQH9ROoYdZpI3qTB%2BFKfKSH8JovRGSGzgdETo%2FVfWpFs%2BaxKqf%2FmZoF1jQWUnW6aVy1bKxv8lJJ83FATbJ9QNpx2%2Bc%2B2iFWQdZOnyW18Z2VPJHbKTQEba9R3ODAS5p9EJ...
                        TypeError: Cannot read properties of null (reading 'list')
                            at GachaLog.bind_url (D:\dev\starrail-bot\packages\gachaLog\lib\index.js:150:58)
                            at processTicksAndRejections (node:internal/process/task_queues:95:5)
                            at async Array.<anonymous> (D:\dev\starrail-bot\node_modules\@koishijs\core\src\command\command.ts:285:14)
                            at async _Command.execute (D:\dev\starrail-bot\node_modules\@koishijs\core\src\command\command.ts:301:22)
                            at async D:\dev\starrail-bot\node_modules\@koishijs\core\src\session.ts:392:22
                            at async Session2.withScope (D:\dev\starrail-bot\node_modules\@koishijs\core\src\session.ts:267:14)
                            at async next (D:\dev\starrail-bot\node_modules\@koishijs\core\src\middleware.ts:312:16)
                            at async next (D:\dev\starrail-bot\node_modules\@koishijs\core\src\middleware.ts:312:16)
                            at async Processor._handleMessage (D:\dev\starrail-bot\node_modules\@koishijs\core\src\middleware.ts:323:22)
[38;5;8m2023-05-25 07:54:34[0m [W] [38;5;215;1mcommand[0m sr.æŠ½å¡é“¾æ¥ https://api-takumi.mihoyo.com/common/gacha_record/api/getGachaLog?authkey_ver=1&amp;sign_type=2&amp;auth_appid=webview_gacha&amp;win_mode=fullscreen&amp;gacha_id=4611e733d9bac2b4402701bd189a9aa226a7&amp;timestamp=1681910087&amp;region=prod_gf_cn&amp;default_gacha_type=11&amp;lang=zh-cn&amp;authkey=CHnO4y%2BTJdkds1YnIlhvIShG5Dtoe3JQJ2u1HwhKy%2FwHEI%2FgvZvO7OIUTjuijR299fJ2vXIItVTR%2FBR4M5oXMFtvM0DL1x5aS%2BG1pCgpGD5BXD7DbKkpoPvpMOC7TRwbkleyZwQQIvuVNZm9QHpFudgOjHmN1YC3iWZ5kbcU4MotnvfKVNjSesmM5ZOWyMedc2JKV8aLPyRQUAxse%2FdkELelwICVvqZJ4C1A9s84jDVvtSgSJFiQw7ukv0vdLrIst4zykLr8z3vm9wFtVmMje0Ymz7CVu0tBNonAWVFOMD%2BQSyfC8SW3J2ZcSeUWqfgKWr%2BKPAuPHCxht%2FfhvVCCDyRlWuVglA7gP9XMpVW0WfS5WqwqRvwPB7sCmf2lhSd%2B1Cfq%2FjuYavM26Vd71Yol3fd7yR4mWbtgb85TzXY9vT4cZmMqEv5F8GTzfs73Y5gdILgNdWc7IQH9ROoYdZpI3qTB%2BFKfKSH8JovRGSGzgdETo%2FVfWpFs%2BaxKqf%2FmZoF1jQWUnW6aVy1bKxv8lJJ83FATbJ9QNpx2%2Bc%2B2iFWQdZOnyW18Z2VPJHbKTQEba9R3ODAS5p9EJHpLVfzijJArqIjRdVPgbm2HshgD56c%2FPMd...
                        TypeError: Cannot read properties of undefined (reading 'gachaLog_history')
                            at GachaLog.update (D:\dev\starrail-bot\packages\gachaLog\lib\index.js:83:91)
                            at processTicksAndRejections (node:internal/process/task_queues:95:5)
                            at async GachaLog.bind_url (D:\dev\starrail-bot\packages\gachaLog\lib\index.js:168:22)
                            at async Array.<anonymous> (D:\dev\starrail-bot\node_modules\@koishijs\core\src\command\command.ts:285:14)
                            at async _Command.execute (D:\dev\starrail-bot\node_modules\@koishijs\core\src\command\command.ts:301:22)
                            at async D:\dev\starrail-bot\node_modules\@koishijs\core\src\session.ts:392:22
                            at async Session2.withScope (D:\dev\starrail-bot\node_modules\@koishijs\core\src\session.ts:267:14)
                            at async next (D:\dev\starrail-bot\node_modules\@koishijs\core\src\middleware.ts:312:16)
                            at async next (D:\dev\starrail-bot\node_modules\@koishijs\core\src\middleware.ts:312:16)
                            at async Processor._handleMessage (D:\dev\starrail-bot\node_modules\@koishijs\core\src\middleware.ts:323:22)
[38;5;8m2023-05-25 07:56:40[0m [W] [38;5;215;1mcommand[0m sr.æŠ½å¡é“¾æ¥ https://api-takumi.mihoyo.com/common/gacha_record/api/getGachaLog?authkey_ver=1&amp;sign_type=2&amp;auth_appid=webview_gacha&amp;win_mode=fullscreen&amp;gacha_id=4611e733d9bac2b4402701bd189a9aa226a7&amp;timestamp=1681910087&amp;region=prod_gf_cn&amp;default_gacha_type=11&amp;lang=zh-cn&amp;authkey=CHnO4y%2BTJdkds1YnIlhvIShG5Dtoe3JQJ2u1HwhKy%2FwHEI%2FgvZvO7OIUTjuijR299fJ2vXIItVTR%2FBR4M5oXMFtvM0DL1x5aS%2BG1pCgpGD5BXD7DbKkpoPvpMOC7TRwbkleyZwQQIvuVNZm9QHpFudgOjHmN1YC3iWZ5kbcU4MotnvfKVNjSesmM5ZOWyMedc2JKV8aLPyRQUAxse%2FdkELelwICVvqZJ4C1A9s84jDVvtSgSJFiQw7ukv0vdLrIst4zykLr8z3vm9wFtVmMje0Ymz7CVu0tBNonAWVFOMD%2BQSyfC8SW3J2ZcSeUWqfgKWr%2BKPAuPHCxht%2FfhvVCCDyRlWuVglA7gP9XMpVW0WfS5WqwqRvwPB7sCmf2lhSd%2B1Cfq%2FjuYavM26Vd71Yol3fd7yR4mWbtgb85TzXY9vT4cZmMqEv5F8GTzfs73Y5gdILgNdWc7IQH9ROoYdZpI3qTB%2BFKfKSH8JovRGSGzgdETo%2FVfWpFs%2BaxKqf%2FmZoF1jQWUnW6aVy1bKxv8lJJ83FATbJ9QNpx2%2Bc%2B2iFWQdZOnyW18Z2VPJHbKTQEba9R3ODAS5p9EJHpLVfzijJArqIjRdVPgbm2HshgD56c%2FPMd...
                        SyntaxError: Unexpected token u in JSON at position 0
                            at JSON.parse (<anonymous>)
                            at GachaLog.update (D:\dev\starrail-bot\packages\gachaLog\lib\index.js:83:35)
                            at processTicksAndRejections (node:internal/process/task_queues:95:5)
                            at async GachaLog.bind_url (D:\dev\starrail-bot\packages\gachaLog\lib\index.js:168:22)
                            at async Array.<anonymous> (D:\dev\starrail-bot\node_modules\@koishijs\core\src\command\command.ts:285:14)
                            at async _Command.execute (D:\dev\starrail-bot\node_modules\@koishijs\core\src\command\command.ts:301:22)
                            at async D:\dev\starrail-bot\node_modules\@koishijs\core\src\session.ts:392:22
                            at async Session2.withScope (D:\dev\starrail-bot\node_modules\@koishijs\core\src\session.ts:267:14)
                            at async next (D:\dev\starrail-bot\node_modules\@koishijs\core\src\middleware.ts:312:16)
                            at async next (D:\dev\starrail-bot\node_modules\@koishijs\core\src\middleware.ts:312:16)
[38;5;8m2023-05-25 07:59:54[0m [W] [38;5;207;1mi18n[0m missing [32m'gachalog.messages.url-no'[39m
[38;5;8m2023-05-25 08:06:52[0m [I] [38;5;68;1msr.æŠ½å¡åˆ†æ[0m å¼€å§‹è·å– ç¬¬ 1 é¡µ...
[38;5;8m2023-05-25 08:06:52[0m [I] [38;5;68;1msr.æŠ½å¡åˆ†æ[0m å¼€å§‹è·å– ã€Œç¾¤æ˜Ÿè·ƒè¿ã€ è·ƒè¿è®°å½•...
[38;5;8m2023-05-25 08:06:52[0m [I] [38;5;68;1msr.æŠ½å¡åˆ†æ[0m å¼€å§‹è·å– ç¬¬ 2 é¡µ...
[38;5;8m2023-05-25 08:06:53[0m [I] [38;5;68;1msr.æŠ½å¡åˆ†æ[0m å¼€å§‹è·å– ç¬¬ 3 é¡µ...
[38;5;8m2023-05-25 08:06:53[0m [I] [38;5;68;1msr.æŠ½å¡åˆ†æ[0m å¼€å§‹è·å– ç¬¬ 4 é¡µ...
[38;5;8m2023-05-25 08:06:54[0m [I] [38;5;68;1msr.æŠ½å¡åˆ†æ[0m å¼€å§‹è·å– ç¬¬ 5 é¡µ...
[38;5;8m2023-05-25 08:06:54[0m [I] [38;5;68;1msr.æŠ½å¡åˆ†æ[0m å¼€å§‹è·å– ç¬¬ 6 é¡µ...
[38;5;8m2023-05-25 08:06:54[0m [I] [38;5;68;1msr.æŠ½å¡åˆ†æ[0m å…±è·å–åˆ° 88 æ¡ ã€Œç¾¤æ˜Ÿè·ƒè¿ã€ è®°å½•
[38;5;8m2023-05-25 08:06:54[0m [I] [38;5;68;1msr.æŠ½å¡åˆ†æ[0m å¼€å§‹è·å– ã€Œæ–°æ‰‹è·ƒè¿ã€ è·ƒè¿è®°å½•...
[38;5;8m2023-05-25 08:06:54[0m [I] [38;5;68;1msr.æŠ½å¡åˆ†æ[0m å¼€å§‹è·å– ç¬¬ 1 é¡µ...
[38;5;8m2023-05-25 08:06:55[0m [I] [38;5;68;1msr.æŠ½å¡åˆ†æ[0m å¼€å§‹è·å– ç¬¬ 2 é¡µ...
[38;5;8m2023-05-25 08:06:55[0m [I] [38;5;68;1msr.æŠ½å¡åˆ†æ[0m å¼€å§‹è·å– ç¬¬ 3 é¡µ...
[38;5;8m2023-05-25 08:06:56[0m [I] [38;5;68;1msr.æŠ½å¡åˆ†æ[0m å¼€å§‹è·å– ç¬¬ 4 é¡µ...
[38;5;8m2023-05-25 08:06:56[0m [I] [38;5;68;1msr.æŠ½å¡åˆ†æ[0m å…±è·å–åˆ° 50 æ¡ ã€Œæ–°æ‰‹è·ƒè¿ã€ è®°å½•
[38;5;8m2023-05-25 08:06:56[0m [I] [38;5;68;1msr.æŠ½å¡åˆ†æ[0m å¼€å§‹è·å– ç¬¬ 1 é¡µ...
[38;5;8m2023-05-25 08:06:56[0m [I] [38;5;68;1msr.æŠ½å¡åˆ†æ[0m å¼€å§‹è·å– ã€Œé™å®šè·ƒè¿ã€ è·ƒè¿è®°å½•...
[38;5;8m2023-05-25 08:06:56[0m [I] [38;5;68;1msr.æŠ½å¡åˆ†æ[0m å¼€å§‹è·å– ç¬¬ 2 é¡µ...
[38;5;8m2023-05-25 08:06:57[0m [I] [38;5;68;1msr.æŠ½å¡åˆ†æ[0m å¼€å§‹è·å– ç¬¬ 3 é¡µ...
[38;5;8m2023-05-25 08:06:57[0m [I] [38;5;68;1msr.æŠ½å¡åˆ†æ[0m å¼€å§‹è·å– ç¬¬ 4 é¡µ...
[38;5;8m2023-05-25 08:06:58[0m [I] [38;5;68;1msr.æŠ½å¡åˆ†æ[0m å¼€å§‹è·å– ç¬¬ 5 é¡µ...
[38;5;8m2023-05-25 08:06:58[0m [I] [38;5;68;1msr.æŠ½å¡åˆ†æ[0m å¼€å§‹è·å– ç¬¬ 6 é¡µ...
[38;5;8m2023-05-25 08:06:59[0m [I] [38;5;68;1msr.æŠ½å¡åˆ†æ[0m å¼€å§‹è·å– ç¬¬ 7 é¡µ...
[38;5;8m2023-05-25 08:06:59[0m [I] [38;5;68;1msr.æŠ½å¡åˆ†æ[0m å¼€å§‹è·å– ç¬¬ 8 é¡µ...
[38;5;8m2023-05-25 08:06:59[0m [I] [38;5;68;1msr.æŠ½å¡åˆ†æ[0m å…±è·å–åˆ° 137 æ¡ ã€Œé™å®šè·ƒè¿ã€ è®°å½•
[38;5;8m2023-05-25 08:06:59[0m [I] [38;5;68;1msr.æŠ½å¡åˆ†æ[0m å¼€å§‹è·å– ã€Œå…‰é”¥è·ƒè¿ã€ è·ƒè¿è®°å½•...
[38;5;8m2023-05-25 08:06:59[0m [I] [38;5;68;1msr.æŠ½å¡åˆ†æ[0m å¼€å§‹è·å– ç¬¬ 1 é¡µ...
[38;5;8m2023-05-25 08:07:00[0m [I] [38;5;68;1msr.æŠ½å¡åˆ†æ[0m å¼€å§‹è·å– ç¬¬ 2 é¡µ...
[38;5;8m2023-05-25 08:07:00[0m [I] [38;5;68;1msr.æŠ½å¡åˆ†æ[0m å…±è·å–åˆ° 2 æ¡ ã€Œå…‰é”¥è·ƒè¿ã€ è®°å½•
[38;5;8m2023-05-25 08:07:18[0m [W] [38;5;215;1mcommand[0m sr.æŠ½å¡åˆ†æ 
                        TypeError: Cannot read properties of undefined (reading 'gachaLog_history')
                            at GachaLog.do_anna (D:\dev\starrail-bot\packages\gachaLog\lib\index.js:123:75)
                            at processTicksAndRejections (node:internal/process/task_queues:95:5)
                            at async Array.<anonymous> (D:\dev\starrail-bot\node_modules\@koishijs\core\src\command\command.ts:285:14)
                            at async _Command.execute (D:\dev\starrail-bot\node_modules\@koishijs\core\src\command\command.ts:301:22)
                            at async D:\dev\starrail-bot\node_modules\@koishijs\core\src\session.ts:392:22
                            at async Session2.withScope (D:\dev\starrail-bot\node_modules\@koishijs\core\src\session.ts:267:14)
                            at async next (D:\dev\starrail-bot\node_modules\@koishijs\core\src\middleware.ts:312:16)
                            at async next (D:\dev\starrail-bot\node_modules\@koishijs\core\src\middleware.ts:312:16)
                            at async Processor._handleMessage (D:\dev\starrail-bot\node_modules\@koishijs\core\src\middleware.ts:323:22)
[38;5;8m2023-05-25 08:14:54[0m [I] [38;5;68;1msr.æŠ½å¡åˆ†æ[0m å¼€å§‹è·å– ã€Œç¾¤æ˜Ÿè·ƒè¿ã€ è·ƒè¿è®°å½•...
[38;5;8m2023-05-25 08:14:54[0m [I] [38;5;68;1msr.æŠ½å¡åˆ†æ[0m å¼€å§‹è·å– ç¬¬ 1 é¡µ...
[38;5;8m2023-05-25 08:14:54[0m [I] [38;5;68;1msr.æŠ½å¡åˆ†æ[0m å¼€å§‹è·å– ç¬¬ 2 é¡µ...
[38;5;8m2023-05-25 08:14:55[0m [I] [38;5;68;1msr.æŠ½å¡åˆ†æ[0m å¼€å§‹è·å– ç¬¬ 3 é¡µ...
[38;5;8m2023-05-25 08:14:55[0m [I] [38;5;68;1msr.æŠ½å¡åˆ†æ[0m å¼€å§‹è·å– ç¬¬ 4 é¡µ...
[38;5;8m2023-05-25 08:14:56[0m [I] [38;5;68;1msr.æŠ½å¡åˆ†æ[0m å¼€å§‹è·å– ç¬¬ 5 é¡µ...
[38;5;8m2023-05-25 08:14:56[0m [I] [38;5;68;1msr.æŠ½å¡åˆ†æ[0m å¼€å§‹è·å– ç¬¬ 6 é¡µ...
[38;5;8m2023-05-25 08:14:57[0m [I] [38;5;68;1msr.æŠ½å¡åˆ†æ[0m å…±è·å–åˆ° 88 æ¡ ã€Œç¾¤æ˜Ÿè·ƒè¿ã€ è®°å½•
[38;5;8m2023-05-25 08:14:57[0m [I] [38;5;68;1msr.æŠ½å¡åˆ†æ[0m å¼€å§‹è·å– ç¬¬ 1 é¡µ...
[38;5;8m2023-05-25 08:14:57[0m [I] [38;5;68;1msr.æŠ½å¡åˆ†æ[0m å¼€å§‹è·å– ã€Œæ–°æ‰‹è·ƒè¿ã€ è·ƒè¿è®°å½•...
[38;5;8m2023-05-25 08:14:57[0m [I] [38;5;68;1msr.æŠ½å¡åˆ†æ[0m å¼€å§‹è·å– ç¬¬ 2 é¡µ...
[38;5;8m2023-05-25 08:14:57[0m [I] [38;5;68;1msr.æŠ½å¡åˆ†æ[0m å¼€å§‹è·å– ç¬¬ 3 é¡µ...
[38;5;8m2023-05-25 08:14:58[0m [I] [38;5;68;1msr.æŠ½å¡åˆ†æ[0m å¼€å§‹è·å– ç¬¬ 4 é¡µ...
[38;5;8m2023-05-25 08:14:58[0m [I] [38;5;68;1msr.æŠ½å¡åˆ†æ[0m å…±è·å–åˆ° 50 æ¡ ã€Œæ–°æ‰‹è·ƒè¿ã€ è®°å½•
[38;5;8m2023-05-25 08:14:58[0m [I] [38;5;68;1msr.æŠ½å¡åˆ†æ[0m å¼€å§‹è·å– ç¬¬ 1 é¡µ...
[38;5;8m2023-05-25 08:14:58[0m [I] [38;5;68;1msr.æŠ½å¡åˆ†æ[0m å¼€å§‹è·å– ã€Œé™å®šè·ƒè¿ã€ è·ƒè¿è®°å½•...
[38;5;8m2023-05-25 08:14:59[0m [I] [38;5;68;1msr.æŠ½å¡åˆ†æ[0m å¼€å§‹è·å– ç¬¬ 2 é¡µ...
[38;5;8m2023-05-25 08:14:59[0m [I] [38;5;68;1msr.æŠ½å¡åˆ†æ[0m å¼€å§‹è·å– ç¬¬ 3 é¡µ...
[38;5;8m2023-05-25 08:14:59[0m [I] [38;5;68;1msr.æŠ½å¡åˆ†æ[0m å¼€å§‹è·å– ç¬¬ 4 é¡µ...
[38;5;8m2023-05-25 08:15:00[0m [I] [38;5;68;1msr.æŠ½å¡åˆ†æ[0m å¼€å§‹è·å– ç¬¬ 5 é¡µ...
[38;5;8m2023-05-25 08:15:00[0m [I] [38;5;68;1msr.æŠ½å¡åˆ†æ[0m å¼€å§‹è·å– ç¬¬ 6 é¡µ...
[38;5;8m2023-05-25 08:15:01[0m [I] [38;5;68;1msr.æŠ½å¡åˆ†æ[0m å¼€å§‹è·å– ç¬¬ 7 é¡µ...
[38;5;8m2023-05-25 08:15:01[0m [I] [38;5;68;1msr.æŠ½å¡åˆ†æ[0m å¼€å§‹è·å– ç¬¬ 8 é¡µ...
[38;5;8m2023-05-25 08:15:01[0m [I] [38;5;68;1msr.æŠ½å¡åˆ†æ[0m å…±è·å–åˆ° 137 æ¡ ã€Œé™å®šè·ƒè¿ã€ è®°å½•
[38;5;8m2023-05-25 08:15:01[0m [I] [38;5;68;1msr.æŠ½å¡åˆ†æ[0m å¼€å§‹è·å– ã€Œå…‰é”¥è·ƒè¿ã€ è·ƒè¿è®°å½•...
[38;5;8m2023-05-25 08:15:01[0m [I] [38;5;68;1msr.æŠ½å¡åˆ†æ[0m å¼€å§‹è·å– ç¬¬ 1 é¡µ...
[38;5;8m2023-05-25 08:15:02[0m [I] [38;5;68;1msr.æŠ½å¡åˆ†æ[0m å¼€å§‹è·å– ç¬¬ 2 é¡µ...
[38;5;8m2023-05-25 08:15:02[0m [I] [38;5;68;1msr.æŠ½å¡åˆ†æ[0m å…±è·å–åˆ° 2 æ¡ ã€Œå…‰é”¥è·ƒè¿ã€ è®°å½•
[38;5;8m2023-05-25 08:18:53[0m [W] [38;5;215;1mcommand[0m sr.æŠ½å¡é“¾æ¥ https://api-takumi.mihoyo.com/common/gacha_record/api/getGachaLog?authkey_ver=1&amp;amp;sign_type=2&amp;amp;auth_appid=webview_gacha&amp;amp;win_mode=fullscreen&amp;amp;gacha_id=4611e733d9bac2b4402701bd189a9aa226a7&amp;amp;timestamp=1681910087&amp;amp;region=prod_gf_cn&amp;amp;default_gacha_type=11&amp;amp;lang=zh-cn&amp;amp;authkey=CHnO4y%2BTJdkds1YnIlhvIShG5Dtoe3JQJ2u1HwhKy%2FwHEI%2FgvZvO7OIUTjuijR299fJ2vXIItVTR%2FBR4M5oXMFtvM0DL1x5aS%2BG1pCgpGD5BXD7DbKkpoPvpMOC7TRwbkleyZwQQIvuVNZm9QHpFudgOjHmN1YC3iWZ5kbcU4MotnvfKVNjSesmM5ZOWyMedc2JKV8aLPyRQUAxse%2FdkELelwICVvqZJ4C1A9s84jDVvtSgSJFiQw7ukv0vdLrIst4zykLr8z3vm9wFtVmMje0Ymz7CVu0tBNonAWVFOMD%2BQSyfC8SW3J2ZcSeUWqfgKWr%2BKPAuPHCxht%2FfhvVCCDyRlWuVglA7gP9XMpVW0WfS5WqwqRvwPB7sCmf2lhSd%2B1Cfq%2FjuYavM26Vd71Yol3fd7yR4mWbtgb85TzXY9vT4cZmMqEv5F8GTzfs73Y5gdILgNdWc7IQH9ROoYdZpI3qTB%2BFKfKSH8JovRGSGzgdETo%2FVfWpFs%2BaxKqf%2FmZoF1jQWUnW6aVy1bKxv8lJJ83FATbJ9QNpx2%2Bc%2B2iFWQdZOnyW18Z2VPJHbKTQEba9R3ODAS5p9EJ...
                        TypeError: Cannot read properties of null (reading 'list')
                            at GachaLog.bind_url (D:\dev\starrail-bot\packages\gachaLog\lib\index.js:154:58)
                            at processTicksAndRejections (node:internal/process/task_queues:95:5)
                            at async Array.<anonymous> (D:\dev\starrail-bot\node_modules\@koishijs\core\src\command\command.ts:285:14)
                            at async _Command.execute (D:\dev\starrail-bot\node_modules\@koishijs\core\src\command\command.ts:301:22)
                            at async D:\dev\starrail-bot\node_modules\@koishijs\core\src\session.ts:392:22
                            at async Session2.withScope (D:\dev\starrail-bot\node_modules\@koishijs\core\src\session.ts:267:14)
                            at async next (D:\dev\starrail-bot\node_modules\@koishijs\core\src\middleware.ts:312:16)
                            at async next (D:\dev\starrail-bot\node_modules\@koishijs\core\src\middleware.ts:312:16)
                            at async Processor._handleMessage (D:\dev\starrail-bot\node_modules\@koishijs\core\src\middleware.ts:323:22)
[38;5;8m2023-05-25 08:33:14[0m [I] [38;5;68;1msr.æŠ½å¡åˆ†æ[0m å¼€å§‹è·å– ã€Œç¾¤æ˜Ÿè·ƒè¿ã€ è·ƒè¿è®°å½•...
[38;5;8m2023-05-25 08:33:14[0m [I] [38;5;68;1msr.æŠ½å¡åˆ†æ[0m å¼€å§‹è·å– ç¬¬ 1 é¡µ...
[38;5;8m2023-05-25 08:33:14[0m [I] [38;5;68;1msr.æŠ½å¡åˆ†æ[0m å¼€å§‹è·å– ç¬¬ 2 é¡µ...
[38;5;8m2023-05-25 08:33:15[0m [I] [38;5;68;1msr.æŠ½å¡åˆ†æ[0m å¼€å§‹è·å– ç¬¬ 3 é¡µ...
[38;5;8m2023-05-25 08:33:15[0m [I] [38;5;68;1msr.æŠ½å¡åˆ†æ[0m å¼€å§‹è·å– ç¬¬ 4 é¡µ...
[38;5;8m2023-05-25 08:33:16[0m [I] [38;5;68;1msr.æŠ½å¡åˆ†æ[0m å¼€å§‹è·å– ç¬¬ 5 é¡µ...
[38;5;8m2023-05-25 08:33:16[0m [I] [38;5;68;1msr.æŠ½å¡åˆ†æ[0m å¼€å§‹è·å– ç¬¬ 6 é¡µ...
[38;5;8m2023-05-25 08:33:17[0m [I] [38;5;68;1msr.æŠ½å¡åˆ†æ[0m å…±è·å–åˆ° 88 æ¡ ã€Œç¾¤æ˜Ÿè·ƒè¿ã€ è®°å½•
[38;5;8m2023-05-25 08:33:17[0m [I] [38;5;68;1msr.æŠ½å¡åˆ†æ[0m å¼€å§‹è·å– ç¬¬ 1 é¡µ...
[38;5;8m2023-05-25 08:33:17[0m [I] [38;5;68;1msr.æŠ½å¡åˆ†æ[0m å¼€å§‹è·å– ã€Œæ–°æ‰‹è·ƒè¿ã€ è·ƒè¿è®°å½•...
[38;5;8m2023-05-25 08:33:17[0m [I] [38;5;68;1msr.æŠ½å¡åˆ†æ[0m å¼€å§‹è·å– ç¬¬ 2 é¡µ...
[38;5;8m2023-05-25 08:33:18[0m [I] [38;5;68;1msr.æŠ½å¡åˆ†æ[0m å¼€å§‹è·å– ç¬¬ 3 é¡µ...
[38;5;8m2023-05-25 08:33:18[0m [I] [38;5;68;1msr.æŠ½å¡åˆ†æ[0m å¼€å§‹è·å– ç¬¬ 4 é¡µ...
[38;5;8m2023-05-25 08:33:18[0m [I] [38;5;68;1msr.æŠ½å¡åˆ†æ[0m å…±è·å–åˆ° 50 æ¡ ã€Œæ–°æ‰‹è·ƒè¿ã€ è®°å½•
[38;5;8m2023-05-25 08:33:18[0m [I] [38;5;68;1msr.æŠ½å¡åˆ†æ[0m å¼€å§‹è·å– ã€Œé™å®šè·ƒè¿ã€ è·ƒè¿è®°å½•...
[38;5;8m2023-05-25 08:33:18[0m [I] [38;5;68;1msr.æŠ½å¡åˆ†æ[0m å¼€å§‹è·å– ç¬¬ 1 é¡µ...
[38;5;8m2023-05-25 08:33:19[0m [I] [38;5;68;1msr.æŠ½å¡åˆ†æ[0m å¼€å§‹è·å– ç¬¬ 2 é¡µ...
[38;5;8m2023-05-25 08:33:19[0m [I] [38;5;68;1msr.æŠ½å¡åˆ†æ[0m å¼€å§‹è·å– ç¬¬ 3 é¡µ...
[38;5;8m2023-05-25 08:33:20[0m [I] [38;5;68;1msr.æŠ½å¡åˆ†æ[0m å¼€å§‹è·å– ç¬¬ 4 é¡µ...
[38;5;8m2023-05-25 08:33:20[0m [I] [38;5;68;1msr.æŠ½å¡åˆ†æ[0m å¼€å§‹è·å– ç¬¬ 5 é¡µ...
[38;5;8m2023-05-25 08:33:20[0m [I] [38;5;68;1msr.æŠ½å¡åˆ†æ[0m å¼€å§‹è·å– ç¬¬ 6 é¡µ...
[38;5;8m2023-05-25 08:33:21[0m [I] [38;5;68;1msr.æŠ½å¡åˆ†æ[0m å¼€å§‹è·å– ç¬¬ 7 é¡µ...
[38;5;8m2023-05-25 08:33:21[0m [I] [38;5;68;1msr.æŠ½å¡åˆ†æ[0m å¼€å§‹è·å– ç¬¬ 8 é¡µ...
[38;5;8m2023-05-25 08:33:22[0m [I] [38;5;68;1msr.æŠ½å¡åˆ†æ[0m å…±è·å–åˆ° 137 æ¡ ã€Œé™å®šè·ƒè¿ã€ è®°å½•
[38;5;8m2023-05-25 08:33:22[0m [I] [38;5;68;1msr.æŠ½å¡åˆ†æ[0m å¼€å§‹è·å– ç¬¬ 1 é¡µ...
[38;5;8m2023-05-25 08:33:22[0m [I] [38;5;68;1msr.æŠ½å¡åˆ†æ[0m å¼€å§‹è·å– ã€Œå…‰é”¥è·ƒè¿ã€ è·ƒè¿è®°å½•...
[38;5;8m2023-05-25 08:33:22[0m [I] [38;5;68;1msr.æŠ½å¡åˆ†æ[0m å¼€å§‹è·å– ç¬¬ 2 é¡µ...
[38;5;8m2023-05-25 08:33:22[0m [I] [38;5;68;1msr.æŠ½å¡åˆ†æ[0m å…±è·å–åˆ° 2 æ¡ ã€Œå…‰é”¥è·ƒè¿ã€ è®°å½•
